-------------------------------------------------------
SNP Analysis
Reference Isolate: Sample_A
2023-12-18 13:49:19
-------------------------------------------------------

Step 1: Reading in .snpdiffs files...Done!
	- Found 14 .snpdiffs files
	- Processed 14 .snpdiffs files in 0.37s

-------------------------------------------------------

Step 2: Performing sanity checks...Done!

-------------------------------------------------------

Step 3: Removing alignments that failed QC...Done!
	- 14 alignments passed QC

-------------------------------------------------------

Step 4: Collecting SNPs from all queries...Done!
	- 163 SNPs detected

-------------------------------------------------------

Step 5: Processing purged loci...Done!	- No purged sites to process...

-------------------------------------------------------

Step 6: Creating BED file for all SNP loci...Done! (0.06s) 

-------------------------------------------------------

Step 7: Looking for SNP loci that are not covered in any query...Done! (0.17s) 
	- Queries lacked alignment coverage for 8 total sites

-------------------------------------------------------

Step 8: Looking for SNP loci that have the reference base in some queries...Done! (0.05s) 
	- Queries had the reference base for for 1992 total sites

-------------------------------------------------------

Step 9: Compiling data and checking SNP counts...Done!
	- Saved locus category data to Test_Output/Soil_Analysis/SNP_Sample_A/Locus_Categories.tsv
	- Saved isolate data to Test_Output/Soil_Analysis/SNP_Sample_A/Isolate_Data.tsv

-------------------------------------------------------

Step 10: Processing alignment data...Done!
	- Created alignment(s) in 0.18s
	- Saved alignment to Test_Output/Soil_Analysis/SNP_Sample_A/snp_alignment.fasta
	- Saved ordered list of loci to Test_Output/Soil_Analysis/SNP_Sample_A/Loc_List.txt
	- Identified no sites to prune.
		- Saved original alignment to Test_Output/Soil_Analysis/SNP_Sample_A/pruned_snp_alignment.fasta
		- Saved original ordered list of pruned loci to Test_Output/Soil_Analysis/SNP_Sample_A/Pruned_Loc_List.txt

-------------------------------------------------------

Step 11: Processing pairwise comparisons files...Done!
	- Calculated 105 pairwise distances in 0.24s
	- Saved pairwise distance data to Test_Output/Soil_Analysis/SNP_Sample_A/distance_pairwise.tsv
	- Saved distance matrix to Test_Output/Soil_Analysis/SNP_Sample_A/distance_matrix.tsv
		- No sites pruned, saved original pairwise distance data to Test_Output/Soil_Analysis/SNP_Sample_A/pruned_distance_pairwise.tsv
		- No sites pruned, saved original distance matrix to Test_Output/Soil_Analysis/SNP_Sample_A/pruned_distance_matrix.tsv

-------------------------------------------------------

Total Runtime: 1.32s
